0 info it worked if it ends with ok
1 verbose cli [ 'C:\\Program Files (x86)\\nodejs\\node.exe',
1 verbose cli   'C:\\Users\\Gene\\AppData\\Roaming\\npm\\node_modules\\npm\\bin\\npm-cli.js',
1 verbose cli   'install',
1 verbose cli   'bcrypt=nodejs',
1 verbose cli   '--save' ]
2 info using npm@3.7.2
3 info using node@v5.1.0
4 silly loadCurrentTree Starting
5 silly install loadCurrentTree
6 silly install readLocalPackageData
7 silly fetchPackageMetaData bcrypt=nodejs
8 silly fetchOtherPackageData bcrypt=nodejs
9 silly cache add args [ 'bcrypt=nodejs', null ]
10 verbose cache add spec bcrypt=nodejs
11 silly cache add parsed spec Result {
11 silly cache add   raw: 'bcrypt=nodejs',
11 silly cache add   scope: null,
11 silly cache add   name: null,
11 silly cache add   rawSpec: 'bcrypt=nodejs',
11 silly cache add   spec: 'C:\\Users\\Gene\\Work\\cloud_vehicle_gps\\bcrypt=nodejs',
11 silly cache add   type: 'local' }
12 error addLocal Could not install C:\Users\Gene\Work\cloud_vehicle_gps\bcrypt=nodejs
13 silly fetchPackageMetaData Error: ENOENT: no such file or directory, open 'C:\Users\Gene\Work\cloud_vehicle_gps\bcrypt=nodejs'
13 silly fetchPackageMetaData     at Error (native)
13 silly fetchPackageMetaData  error for bcrypt=nodejs { [Error: ENOENT: no such file or directory, open 'C:\Users\Gene\Work\cloud_vehicle_gps\bcrypt=nodejs']
13 silly fetchPackageMetaData   errno: -4058,
13 silly fetchPackageMetaData   code: 'ENOENT',
13 silly fetchPackageMetaData   syscall: 'open',
13 silly fetchPackageMetaData   path: 'C:\\Users\\Gene\\Work\\cloud_vehicle_gps\\bcrypt=nodejs' }
14 silly rollbackFailedOptional Starting
15 silly rollbackFailedOptional Finishing
16 silly runTopLevelLifecycles Starting
17 silly runTopLevelLifecycles Finishing
18 silly install printInstalled
19 verbose stack Error: ENOENT: no such file or directory, open 'C:\Users\Gene\Work\cloud_vehicle_gps\bcrypt=nodejs'
19 verbose stack     at Error (native)
20 verbose cwd C:\Users\Gene\Work\cloud_vehicle_gps
21 error Windows_NT 10.0.10240
22 error argv "C:\\Program Files (x86)\\nodejs\\node.exe" "C:\\Users\\Gene\\AppData\\Roaming\\npm\\node_modules\\npm\\bin\\npm-cli.js" "install" "bcrypt=nodejs" "--save"
23 error node v5.1.0
24 error npm  v3.7.2
25 error path C:\Users\Gene\Work\cloud_vehicle_gps\bcrypt=nodejs
26 error code ENOENT
27 error errno -4058
28 error syscall open
29 error enoent ENOENT: no such file or directory, open 'C:\Users\Gene\Work\cloud_vehicle_gps\bcrypt=nodejs'
30 error enoent ENOENT: no such file or directory, open 'C:\Users\Gene\Work\cloud_vehicle_gps\bcrypt=nodejs'
30 error enoent This is most likely not a problem with npm itself
30 error enoent and is related to npm not being able to find a file.
31 verbose exit [ -4058, true ]
